Determining if the pthread_create exist failed with the following output:
Change Dir: /home/zhangxu/catkin_ws/src/rs485forcesensor/build/CMakeFiles/CMakeTmp

Run Build Command:"/usr/bin/make" "cmTC_dc353/fast"
/usr/bin/make -f CMakeFiles/cmTC_dc353.dir/build.make CMakeFiles/cmTC_dc353.dir/build
make[1]: 进入目录“/home/zhangxu/catkin_ws/src/rs485forcesensor/build/CMakeFiles/CMakeTmp”
Building C object CMakeFiles/cmTC_dc353.dir/CheckSymbolExists.c.o
/usr/bin/x86_64-linux-gnu-gcc-7    -o CMakeFiles/cmTC_dc353.dir/CheckSymbolExists.c.o   -c /home/zhangxu/catkin_ws/src/rs485forcesensor/build/CMakeFiles/CMakeTmp/CheckSymbolExists.c
Linking C executable cmTC_dc353
/usr/bin/cmake -E cmake_link_script CMakeFiles/cmTC_dc353.dir/link.txt --verbose=1
/usr/bin/x86_64-linux-gnu-gcc-7      -rdynamic CMakeFiles/cmTC_dc353.dir/CheckSymbolExists.c.o  -o cmTC_dc353 
CMakeFiles/cmTC_dc353.dir/CheckSymbolExists.c.o：在函数‘main’中：
CheckSymbolExists.c:(.text+0x1b)：对‘pthread_create’未定义的引用
collect2: error: ld returned 1 exit status
CMakeFiles/cmTC_dc353.dir/build.make:97: recipe for target 'cmTC_dc353' failed
make[1]: *** [cmTC_dc353] Error 1
make[1]: 离开目录“/home/zhangxu/catkin_ws/src/rs485forcesensor/build/CMakeFiles/CMakeTmp”
Makefile:126: recipe for target 'cmTC_dc353/fast' failed
make: *** [cmTC_dc353/fast] Error 2

File /home/zhangxu/catkin_ws/src/rs485forcesensor/build/CMakeFiles/CMakeTmp/CheckSymbolExists.c:
/* */
#include <pthread.h>

int main(int argc, char** argv)
{
  (void)argv;
#ifndef pthread_create
  return ((int*)(&pthread_create))[argc];
#else
  (void)argc;
  return 0;
#endif
}

Determining if the function pthread_create exists in the pthreads failed with the following output:
Change Dir: /home/zhangxu/catkin_ws/src/rs485forcesensor/build/CMakeFiles/CMakeTmp

Run Build Command:"/usr/bin/make" "cmTC_1fe72/fast"
/usr/bin/make -f CMakeFiles/cmTC_1fe72.dir/build.make CMakeFiles/cmTC_1fe72.dir/build
make[1]: 进入目录“/home/zhangxu/catkin_ws/src/rs485forcesensor/build/CMakeFiles/CMakeTmp”
Building C object CMakeFiles/cmTC_1fe72.dir/CheckFunctionExists.c.o
/usr/bin/x86_64-linux-gnu-gcc-7   -DCHECK_FUNCTION_EXISTS=pthread_create   -o CMakeFiles/cmTC_1fe72.dir/CheckFunctionExists.c.o   -c /usr/share/cmake-3.10/Modules/CheckFunctionExists.c
Linking C executable cmTC_1fe72
/usr/bin/cmake -E cmake_link_script CMakeFiles/cmTC_1fe72.dir/link.txt --verbose=1
/usr/bin/x86_64-linux-gnu-gcc-7  -DCHECK_FUNCTION_EXISTS=pthread_create    -rdynamic CMakeFiles/cmTC_1fe72.dir/CheckFunctionExists.c.o  -o cmTC_1fe72 -lpthreads 
/usr/bin/ld: 找不到 -lpthreads
collect2: error: ld returned 1 exit status
CMakeFiles/cmTC_1fe72.dir/build.make:97: recipe for target 'cmTC_1fe72' failed
make[1]: *** [cmTC_1fe72] Error 1
make[1]: 离开目录“/home/zhangxu/catkin_ws/src/rs485forcesensor/build/CMakeFiles/CMakeTmp”
Makefile:126: recipe for target 'cmTC_1fe72/fast' failed
make: *** [cmTC_1fe72/fast] Error 2


