Determining if the pthread_create exist failed with the following output:
Change Dir: /home/zhangxu/catkin_ws/src/rs485/build/CMakeFiles/CMakeTmp

Run Build Command:"/usr/bin/make" "cmTC_fdd0e/fast"
/usr/bin/make -f CMakeFiles/cmTC_fdd0e.dir/build.make CMakeFiles/cmTC_fdd0e.dir/build
make[1]: 进入目录“/home/zhangxu/catkin_ws/src/rs485/build/CMakeFiles/CMakeTmp”
Building C object CMakeFiles/cmTC_fdd0e.dir/CheckSymbolExists.c.o
/usr/bin/x86_64-linux-gnu-gcc-7    -o CMakeFiles/cmTC_fdd0e.dir/CheckSymbolExists.c.o   -c /home/zhangxu/catkin_ws/src/rs485/build/CMakeFiles/CMakeTmp/CheckSymbolExists.c
Linking C executable cmTC_fdd0e
/usr/bin/cmake -E cmake_link_script CMakeFiles/cmTC_fdd0e.dir/link.txt --verbose=1
/usr/bin/x86_64-linux-gnu-gcc-7      -rdynamic CMakeFiles/cmTC_fdd0e.dir/CheckSymbolExists.c.o  -o cmTC_fdd0e 
CMakeFiles/cmTC_fdd0e.dir/CheckSymbolExists.c.o：在函数‘main’中：
CheckSymbolExists.c:(.text+0x1b)：对‘pthread_create’未定义的引用
collect2: error: ld returned 1 exit status
CMakeFiles/cmTC_fdd0e.dir/build.make:97: recipe for target 'cmTC_fdd0e' failed
make[1]: *** [cmTC_fdd0e] Error 1
make[1]: 离开目录“/home/zhangxu/catkin_ws/src/rs485/build/CMakeFiles/CMakeTmp”
Makefile:126: recipe for target 'cmTC_fdd0e/fast' failed
make: *** [cmTC_fdd0e/fast] Error 2

File /home/zhangxu/catkin_ws/src/rs485/build/CMakeFiles/CMakeTmp/CheckSymbolExists.c:
/* */
#include <pthread.h>

int main(int argc, char** argv)
{
  (void)argv;
#ifndef pthread_create
  return ((int*)(&pthread_create))[argc];
#else
  (void)argc;
  return 0;
#endif
}

Determining if the function pthread_create exists in the pthreads failed with the following output:
Change Dir: /home/zhangxu/catkin_ws/src/rs485/build/CMakeFiles/CMakeTmp

Run Build Command:"/usr/bin/make" "cmTC_4045f/fast"
/usr/bin/make -f CMakeFiles/cmTC_4045f.dir/build.make CMakeFiles/cmTC_4045f.dir/build
make[1]: 进入目录“/home/zhangxu/catkin_ws/src/rs485/build/CMakeFiles/CMakeTmp”
Building C object CMakeFiles/cmTC_4045f.dir/CheckFunctionExists.c.o
/usr/bin/x86_64-linux-gnu-gcc-7   -DCHECK_FUNCTION_EXISTS=pthread_create   -o CMakeFiles/cmTC_4045f.dir/CheckFunctionExists.c.o   -c /usr/share/cmake-3.10/Modules/CheckFunctionExists.c
Linking C executable cmTC_4045f
/usr/bin/cmake -E cmake_link_script CMakeFiles/cmTC_4045f.dir/link.txt --verbose=1
/usr/bin/x86_64-linux-gnu-gcc-7  -DCHECK_FUNCTION_EXISTS=pthread_create    -rdynamic CMakeFiles/cmTC_4045f.dir/CheckFunctionExists.c.o  -o cmTC_4045f -lpthreads 
/usr/bin/ld: 找不到 -lpthreads
collect2: error: ld returned 1 exit status
CMakeFiles/cmTC_4045f.dir/build.make:97: recipe for target 'cmTC_4045f' failed
make[1]: *** [cmTC_4045f] Error 1
make[1]: 离开目录“/home/zhangxu/catkin_ws/src/rs485/build/CMakeFiles/CMakeTmp”
Makefile:126: recipe for target 'cmTC_4045f/fast' failed
make: *** [cmTC_4045f/fast] Error 2


